<?xml version="1.0" encoding="utf-8"?><testsuites name="pytest tests"><testsuite name="pytest" errors="0" failures="0" skipped="0" tests="17" time="5.239" timestamp="2026-09-02T18:46:49.140162+00:00" hostname="agent-env-03550d59-1c22-4ec2-8381-076521df337d"><testcase classname="tests.test_auth_permissions" name="test_login_admin_ok_sets_cookies" time="0.472" /><testcase classname="tests.test_auth_permissions" name="test_login_invalid_credentials" time="0.395" /><testcase classname="tests.test_auth_permissions" name="test_me_requires_cookie" time="0.202" /><testcase classname="tests.test_auth_permissions" name="test_me_with_cookie" time="0.445" /><testcase classname="tests.test_auth_permissions" name="test_products_requires_auth" time="0.167" /><testcase classname="tests.test_auth_permissions" name="test_products_with_auth" time="0.080" /><testcase classname="tests.test_auth_permissions" name="test_users_list_admin" time="0.080" /><testcase classname="tests.test_auth_permissions" name="test_users_forbidden_for_cajero" time="0.978" /><testcase classname="tests.test_auth_permissions" name="test_users_create_and_delete" time="0.634" /><testcase classname="tests.test_auth_permissions" name="test_users_cannot_self_delete" time="0.152" /><testcase classname="tests.test_auth_permissions" name="test_settings_get" time="0.080" /><testcase classname="tests.test_auth_permissions" name="test_settings_put_admin" time="0.155" /><testcase classname="tests.test_auth_permissions" name="test_settings_put_forbidden_cajero" time="0.082" /><testcase classname="tests.test_auth_permissions" name="test_cajero_can_list_products" time="0.078" /><testcase classname="tests.test_auth_permissions" name="test_cajero_can_hold_sale" time="0.161" /><testcase classname="tests.test_auth_permissions" name="test_brute_force_lockout" time="0.927" /><testcase classname="tests.test_auth_permissions" name="test_logout" time="0.079" /></testsuite></testsuites>