<?xml version="1.0" encoding="utf-8"?><testsuites name="pytest tests"><testsuite name="pytest" errors="0" failures="0" skipped="0" tests="14" time="3.189" timestamp="2026-09-03T18:29:28.396853+00:00" hostname="agent-env-03550d59-1c22-4ec2-8381-076521df337d"><testcase classname="tests.test_jrpos_modules.TestSalesDocs" name="test_create_and_convert_quote_to_sale" time="0.830" /><testcase classname="tests.test_jrpos_modules.TestDianExtras" name="test_support_doc_generates_cude" time="0.719" /><testcase classname="tests.test_jrpos_modules.TestDianExtras" name="test_payroll_auto_8_percent_deduction" time="0.131" /><testcase classname="tests.test_jrpos_modules.TestSalesDocs" name="test_remission_status_change_and_convert" time="0.240" /><testcase classname="tests.test_jrpos_modules.TestDianExtras" name="test_radian_returns_list" time="0.089" /><testcase classname="tests.test_jrpos_modules.TestDianExtras" name="test_certificate_upload_metadata" time="0.213" /><testcase classname="tests.test_jrpos_modules.TestSalesDocs" name="test_collection_account_cannot_be_converted" time="0.132" /><testcase classname="tests.test_jrpos_modules.TestPromotions" name="test_create_activate_deactivate_delete" time="0.469" /><testcase classname="tests.test_jrpos_modules.TestCreditNotes" name="test_create_credit_note_restocks" time="0.531" /><testcase classname="tests.test_jrpos_modules.TestWarranties" name="test_create_and_resolve" time="0.211" /><testcase classname="tests.test_jrpos_modules.TestCreditNotes" name="test_credit_note_on_credit_sale_reduces_balance" time="0.451" /><testcase classname="tests.test_jrpos_modules.TestPurchaseOrders" name="test_create_receive_updates_stock" time="0.631" /><testcase classname="tests.test_jrpos_modules.TestCommissions" name="test_rule_and_report" time="0.202" /><testcase classname="tests.test_jrpos_modules.TestServices" name="test_service_product_no_stock_decrement" time="0.354" /></testsuite></testsuites>