<?xml version="1.0" encoding="utf-8"?><testsuites name="pytest tests"><testsuite name="pytest" errors="0" failures="0" skipped="0" tests="9" time="2.223" timestamp="2026-09-02T16:31:33.126184+00:00" hostname="agent-env-03550d59-1c22-4ec2-8381-076521df337d"><testcase classname="tests.backend_test" name="test_bulk_create" time="0.417" /><testcase classname="tests.backend_test" name="test_bulk_update_percent_price" time="0.158" /><testcase classname="tests.backend_test" name="test_expense_crud" time="0.230" /><testcase classname="tests.backend_test" name="test_held_lifecycle" time="0.223" /><testcase classname="tests.backend_test" name="test_electronic_settings" time="0.149" /><testcase classname="tests.backend_test" name="test_electronic_invoice" time="0.151" /><testcase classname="tests.backend_test" name="test_dashboard_summary" time="0.075" /><testcase classname="tests.backend_test" name="test_credits_summary" time="0.076" /><testcase classname="tests.backend_test" name="test_zz_cleanup" time="0.224" /></testsuite></testsuites>