<?xml version="1.0" encoding="utf-8"?><testsuites name="pytest tests"><testsuite name="pytest" errors="0" failures="0" skipped="0" tests="14" time="5.425" timestamp="2026-09-03T17:12:47.189124+00:00" hostname="agent-env-03550d59-1c22-4ec2-8381-076521df337d"><testcase classname="tests.test_timeclock.TestLoginRegression" name="test_admin_new_email_works" time="2.349" /><testcase classname="tests.test_timeclock.TestLoginRegression" name="test_old_admin_email_fails" time="0.280" /><testcase classname="tests.test_timeclock.TestMark" name="test_double_same_type_blocked" time="2.756" /><testcase classname="tests.test_timeclock.TestLoginRegression" name="test_cajero_works" time="0.412" /><testcase classname="tests.test_timeclock.TestMark" name="test_mark_invalid_type" time="0.689" /><testcase classname="tests.test_timeclock.TestMark" name="test_late_detection" time="0.296" /><testcase classname="tests.test_timeclock.TestSchedule" name="test_get_schedule_public" time="0.494" /><testcase classname="tests.test_timeclock.TestSchedule" name="test_put_schedule_admin_ok" time="0.791" /><testcase classname="tests.test_timeclock.TestMark" name="test_double_in_blocked" time="0.074" /><testcase classname="tests.test_timeclock.TestMark" name="test_mark_out_after_in" time="0.069" /><testcase classname="tests.test_timeclock.TestSchedule" name="test_put_schedule_cajero_forbidden" time="0.446" /><testcase classname="tests.test_timeclock.TestRecords" name="test_records_admin_ok" time="0.090" /><testcase classname="tests.test_timeclock.TestRecords" name="test_records_cajero_forbidden" time="0.082" /><testcase classname="tests.test_timeclock.TestRecords" name="test_today_cajero_ok" time="0.069" /></testsuite></testsuites>