<?xml version="1.0" encoding="utf-8"?><testsuites name="pytest tests"><testsuite name="pytest" errors="0" failures="0" skipped="0" tests="32" time="6.713" timestamp="2026-09-03T13:27:01.986645+00:00" hostname="agent-env-03550d59-1c22-4ec2-8381-076521df337d"><testcase classname="tests.test_refresh_and_roles" name="test_new_admin_login_ok" time="0.555" /><testcase classname="tests.test_auth_permissions" name="test_login_admin_ok_sets_cookies" time="0.791" /><testcase classname="tests.test_refresh_and_roles" name="test_old_admin_email_fails" time="0.226" /><testcase classname="tests.test_refresh_and_roles" name="test_refresh_endpoint_renews_access_token" time="0.841" /><testcase classname="tests.test_auth_permissions" name="test_login_invalid_credentials" time="0.352" /><testcase classname="tests.test_auth_permissions" name="test_me_requires_cookie" time="0.225" /><testcase classname="tests.test_refresh_and_roles" name="test_refresh_without_refresh_token_fails" time="0.279" /><testcase classname="tests.test_auth_permissions" name="test_me_with_cookie" time="0.590" /><testcase classname="tests.test_auth_permissions" name="test_products_requires_auth" time="0.309" /><testcase classname="tests.test_auth_permissions" name="test_products_with_auth" time="0.085" /><testcase classname="tests.test_auth_permissions" name="test_users_list_admin" time="0.081" /><testcase classname="tests.test_refresh_and_roles" name="test_cajero_cannot_list_users" time="1.023" /><testcase classname="tests.test_refresh_and_roles" name="test_cajero_cannot_create_user" time="0.106" /><testcase classname="tests.test_refresh_and_roles" name="test_cajero_cannot_delete_user" time="0.129" /><testcase classname="tests.test_refresh_and_roles" name="test_cajero_cannot_update_settings" time="0.256" /><testcase classname="tests.test_auth_permissions" name="test_users_forbidden_for_cajero" time="1.045" /><testcase classname="tests.test_refresh_and_roles" name="test_cajero_can_read_settings" time="0.117" /><testcase classname="tests.test_auth_permissions" name="test_users_create_and_delete" time="0.750" /><testcase classname="tests.test_refresh_and_roles" name="test_settings_put_without_cookie_401" time="0.348" /><testcase classname="tests.test_refresh_and_roles" name="test_users_delete_without_cookie_401" time="0.139" /><testcase classname="tests.test_refresh_and_roles" name="test_users_list_without_cookie_401" time="0.135" /><testcase classname="tests.test_refresh_and_roles" name="test_cajero_can_access_pos_endpoints" time="0.328" /><testcase classname="tests.test_auth_permissions" name="test_users_cannot_self_delete" time="0.243" /><testcase classname="tests.test_auth_permissions" name="test_settings_get" time="0.127" /><testcase classname="tests.test_refresh_and_roles" name="test_admin_can_access_admin_only" time="0.129" /><testcase classname="tests.test_auth_permissions" name="test_settings_put_admin" time="0.175" /><testcase classname="tests.test_refresh_and_roles" name="test_brute_force_lockout_with_unique_email" time="0.999" /><testcase classname="tests.test_auth_permissions" name="test_settings_put_forbidden_cajero" time="0.084" /><testcase classname="tests.test_auth_permissions" name="test_cajero_can_list_products" time="0.134" /><testcase classname="tests.test_auth_permissions" name="test_cajero_can_hold_sale" time="0.181" /><testcase classname="tests.test_auth_permissions" name="test_brute_force_lockout" time="1.082" /><testcase classname="tests.test_auth_permissions" name="test_logout" time="0.078" /></testsuite></testsuites>